[2023-03-16 07:53:14,101] {taskinstance.py:1159} INFO - Dependencies all met for <TaskInstance: populate_dwh.popul_dwh manual__2023-03-16T07:53:12.187903+00:00 [queued]>
[2023-03-16 07:53:14,125] {taskinstance.py:1159} INFO - Dependencies all met for <TaskInstance: populate_dwh.popul_dwh manual__2023-03-16T07:53:12.187903+00:00 [queued]>
[2023-03-16 07:53:14,127] {taskinstance.py:1356} INFO - 
--------------------------------------------------------------------------------
[2023-03-16 07:53:14,129] {taskinstance.py:1357} INFO - Starting attempt 1 of 1
[2023-03-16 07:53:14,133] {taskinstance.py:1358} INFO - 
--------------------------------------------------------------------------------
[2023-03-16 07:53:14,170] {taskinstance.py:1377} INFO - Executing <Task(PythonOperator): popul_dwh> on 2023-03-16 07:53:12.187903+00:00
[2023-03-16 07:53:14,189] {standard_task_runner.py:52} INFO - Started process 371 to run task
[2023-03-16 07:53:14,199] {standard_task_runner.py:79} INFO - Running: ['***', 'tasks', 'run', 'populate_dwh', 'popul_dwh', 'manual__2023-03-16T07:53:12.187903+00:00', '--job-id', '7', '--raw', '--subdir', 'DAGS_FOLDER/populate-dwh-dag.py', '--cfg-path', '/tmp/tmps43e1_vj', '--error-file', '/tmp/tmpx_odxpvp']
[2023-03-16 07:53:14,203] {standard_task_runner.py:80} INFO - Job 7: Subtask popul_dwh
[2023-03-16 07:53:14,345] {task_command.py:369} INFO - Running <TaskInstance: populate_dwh.popul_dwh manual__2023-03-16T07:53:12.187903+00:00 [running]> on host 22c007614a51
[2023-03-16 07:53:14,502] {taskinstance.py:1571} INFO - Exporting the following env vars:
AIRFLOW_CTX_DAG_OWNER=Winny M.
AIRFLOW_CTX_DAG_ID=populate_dwh
AIRFLOW_CTX_TASK_ID=popul_dwh
AIRFLOW_CTX_EXECUTION_DATE=2023-03-16T07:53:12.187903+00:00
AIRFLOW_CTX_TRY_NUMBER=1
AIRFLOW_CTX_DAG_RUN_ID=manual__2023-03-16T07:53:12.187903+00:00
[2023-03-16 08:01:47,300] {python.py:173} INFO - Done. Returned value was: None
[2023-03-16 08:01:47,332] {taskinstance.py:1400} INFO - Marking task as SUCCESS. dag_id=populate_dwh, task_id=popul_dwh, execution_date=20230316T075312, start_date=20230316T075314, end_date=20230316T080147
[2023-03-16 08:01:47,488] {local_task_job.py:156} INFO - Task exited with return code 0
[2023-03-16 08:01:47,550] {local_task_job.py:273} INFO - 0 downstream tasks scheduled from follow-on schedule check
