[2023-03-14 23:22:02,084] {processor.py:153} INFO - Started process (PID=176) to work on /opt/airflow/dags/populate-dwh-dag.py
[2023-03-14 23:22:02,088] {processor.py:641} INFO - Processing file /opt/airflow/dags/populate-dwh-dag.py for tasks to queue
[2023-03-14 23:22:02,094] {logging_mixin.py:115} INFO - [2023-03-14 23:22:02,093] {dagbag.py:507} INFO - Filling up the DagBag from /opt/airflow/dags/populate-dwh-dag.py
[2023-03-14 23:22:03,487] {processor.py:651} INFO - DAG(s) dict_keys(['populate_dwh']) retrieved from /opt/airflow/dags/populate-dwh-dag.py
[2023-03-14 23:22:03,610] {logging_mixin.py:115} INFO - [2023-03-14 23:22:03,610] {manager.py:508} INFO - Created Permission View: can read on DAG:populate_dwh
[2023-03-14 23:22:03,638] {logging_mixin.py:115} INFO - [2023-03-14 23:22:03,638] {manager.py:508} INFO - Created Permission View: can edit on DAG:populate_dwh
[2023-03-14 23:22:03,658] {logging_mixin.py:115} INFO - [2023-03-14 23:22:03,658] {manager.py:508} INFO - Created Permission View: can delete on DAG:populate_dwh
[2023-03-14 23:22:03,661] {logging_mixin.py:115} INFO - [2023-03-14 23:22:03,660] {dag.py:2371} INFO - Sync 1 DAGs
[2023-03-14 23:22:03,685] {logging_mixin.py:115} INFO - [2023-03-14 23:22:03,685] {dag.py:2390} INFO - Creating ORM DAG for populate_dwh
[2023-03-14 23:22:03,713] {logging_mixin.py:115} INFO - [2023-03-14 23:22:03,713] {dag.py:2919} INFO - Setting next_dagrun for populate_dwh to 2023-03-13T00:00:00+00:00, run_after=2023-03-14T00:00:00+00:00
[2023-03-14 23:22:03,746] {processor.py:161} INFO - Processing /opt/airflow/dags/populate-dwh-dag.py took 1.673 seconds
[2023-03-14 23:22:33,998] {processor.py:153} INFO - Started process (PID=182) to work on /opt/airflow/dags/populate-dwh-dag.py
[2023-03-14 23:22:34,002] {processor.py:641} INFO - Processing file /opt/airflow/dags/populate-dwh-dag.py for tasks to queue
[2023-03-14 23:22:34,005] {logging_mixin.py:115} INFO - [2023-03-14 23:22:34,005] {dagbag.py:507} INFO - Filling up the DagBag from /opt/airflow/dags/populate-dwh-dag.py
[2023-03-14 23:22:36,634] {processor.py:651} INFO - DAG(s) dict_keys(['populate_dwh']) retrieved from /opt/airflow/dags/populate-dwh-dag.py
[2023-03-14 23:22:36,701] {logging_mixin.py:115} INFO - [2023-03-14 23:22:36,700] {dag.py:2371} INFO - Sync 1 DAGs
[2023-03-14 23:22:36,798] {logging_mixin.py:115} INFO - [2023-03-14 23:22:36,797] {dag.py:2919} INFO - Setting next_dagrun for populate_dwh to 2023-03-13T00:00:00+00:00, run_after=2023-03-14T00:00:00+00:00
[2023-03-14 23:22:36,852] {processor.py:161} INFO - Processing /opt/airflow/dags/populate-dwh-dag.py took 2.860 seconds
[2023-03-14 23:23:07,037] {processor.py:153} INFO - Started process (PID=197) to work on /opt/airflow/dags/populate-dwh-dag.py
[2023-03-14 23:23:07,040] {processor.py:641} INFO - Processing file /opt/airflow/dags/populate-dwh-dag.py for tasks to queue
[2023-03-14 23:23:07,043] {logging_mixin.py:115} INFO - [2023-03-14 23:23:07,043] {dagbag.py:507} INFO - Filling up the DagBag from /opt/airflow/dags/populate-dwh-dag.py
[2023-03-14 23:23:07,565] {processor.py:651} INFO - DAG(s) dict_keys(['populate_dwh']) retrieved from /opt/airflow/dags/populate-dwh-dag.py
[2023-03-14 23:23:07,594] {logging_mixin.py:115} INFO - [2023-03-14 23:23:07,594] {dag.py:2371} INFO - Sync 1 DAGs
[2023-03-14 23:23:07,632] {logging_mixin.py:115} INFO - [2023-03-14 23:23:07,632] {dag.py:2919} INFO - Setting next_dagrun for populate_dwh to 2023-03-13T00:00:00+00:00, run_after=2023-03-14T00:00:00+00:00
[2023-03-14 23:23:07,653] {processor.py:161} INFO - Processing /opt/airflow/dags/populate-dwh-dag.py took 0.622 seconds
[2023-03-14 23:23:37,842] {processor.py:153} INFO - Started process (PID=204) to work on /opt/airflow/dags/populate-dwh-dag.py
[2023-03-14 23:23:37,846] {processor.py:641} INFO - Processing file /opt/airflow/dags/populate-dwh-dag.py for tasks to queue
[2023-03-14 23:23:37,849] {logging_mixin.py:115} INFO - [2023-03-14 23:23:37,849] {dagbag.py:507} INFO - Filling up the DagBag from /opt/airflow/dags/populate-dwh-dag.py
[2023-03-14 23:23:39,693] {processor.py:651} INFO - DAG(s) dict_keys(['populate_dwh']) retrieved from /opt/airflow/dags/populate-dwh-dag.py
[2023-03-14 23:23:39,847] {logging_mixin.py:115} INFO - [2023-03-14 23:23:39,846] {dag.py:2371} INFO - Sync 1 DAGs
[2023-03-14 23:23:39,961] {logging_mixin.py:115} INFO - [2023-03-14 23:23:39,960] {dag.py:2919} INFO - Setting next_dagrun for populate_dwh to 2023-03-13T00:00:00+00:00, run_after=2023-03-14T00:00:00+00:00
[2023-03-14 23:23:40,068] {processor.py:161} INFO - Processing /opt/airflow/dags/populate-dwh-dag.py took 2.233 seconds
[2023-03-14 23:24:10,237] {processor.py:153} INFO - Started process (PID=213) to work on /opt/airflow/dags/populate-dwh-dag.py
[2023-03-14 23:24:10,240] {processor.py:641} INFO - Processing file /opt/airflow/dags/populate-dwh-dag.py for tasks to queue
[2023-03-14 23:24:10,243] {logging_mixin.py:115} INFO - [2023-03-14 23:24:10,242] {dagbag.py:507} INFO - Filling up the DagBag from /opt/airflow/dags/populate-dwh-dag.py
[2023-03-14 23:24:10,758] {processor.py:651} INFO - DAG(s) dict_keys(['populate_dwh']) retrieved from /opt/airflow/dags/populate-dwh-dag.py
[2023-03-14 23:24:10,790] {logging_mixin.py:115} INFO - [2023-03-14 23:24:10,790] {dag.py:2371} INFO - Sync 1 DAGs
[2023-03-14 23:24:10,832] {logging_mixin.py:115} INFO - [2023-03-14 23:24:10,832] {dag.py:2919} INFO - Setting next_dagrun for populate_dwh to 2023-03-14T00:00:00+00:00, run_after=2023-03-15T00:00:00+00:00
[2023-03-14 23:24:10,854] {processor.py:161} INFO - Processing /opt/airflow/dags/populate-dwh-dag.py took 0.623 seconds
[2023-03-14 23:24:41,028] {processor.py:153} INFO - Started process (PID=219) to work on /opt/airflow/dags/populate-dwh-dag.py
[2023-03-14 23:24:41,033] {processor.py:641} INFO - Processing file /opt/airflow/dags/populate-dwh-dag.py for tasks to queue
[2023-03-14 23:24:41,037] {logging_mixin.py:115} INFO - [2023-03-14 23:24:41,036] {dagbag.py:507} INFO - Filling up the DagBag from /opt/airflow/dags/populate-dwh-dag.py
[2023-03-14 23:24:41,657] {processor.py:651} INFO - DAG(s) dict_keys(['populate_dwh']) retrieved from /opt/airflow/dags/populate-dwh-dag.py
[2023-03-14 23:24:41,692] {logging_mixin.py:115} INFO - [2023-03-14 23:24:41,691] {dag.py:2371} INFO - Sync 1 DAGs
[2023-03-14 23:24:41,724] {logging_mixin.py:115} INFO - [2023-03-14 23:24:41,723] {dag.py:2919} INFO - Setting next_dagrun for populate_dwh to 2023-03-14T00:00:00+00:00, run_after=2023-03-15T00:00:00+00:00
[2023-03-14 23:24:41,745] {processor.py:161} INFO - Processing /opt/airflow/dags/populate-dwh-dag.py took 0.727 seconds
[2023-03-14 23:25:11,894] {processor.py:153} INFO - Started process (PID=225) to work on /opt/airflow/dags/populate-dwh-dag.py
[2023-03-14 23:25:11,897] {processor.py:641} INFO - Processing file /opt/airflow/dags/populate-dwh-dag.py for tasks to queue
[2023-03-14 23:25:11,900] {logging_mixin.py:115} INFO - [2023-03-14 23:25:11,900] {dagbag.py:507} INFO - Filling up the DagBag from /opt/airflow/dags/populate-dwh-dag.py
[2023-03-14 23:25:12,481] {processor.py:651} INFO - DAG(s) dict_keys(['populate_dwh']) retrieved from /opt/airflow/dags/populate-dwh-dag.py
[2023-03-14 23:25:12,520] {logging_mixin.py:115} INFO - [2023-03-14 23:25:12,518] {dag.py:2371} INFO - Sync 1 DAGs
[2023-03-14 23:25:12,560] {logging_mixin.py:115} INFO - [2023-03-14 23:25:12,560] {dag.py:2919} INFO - Setting next_dagrun for populate_dwh to 2023-03-14T00:00:00+00:00, run_after=2023-03-15T00:00:00+00:00
[2023-03-14 23:25:12,579] {processor.py:161} INFO - Processing /opt/airflow/dags/populate-dwh-dag.py took 0.692 seconds
[2023-03-14 23:25:42,724] {processor.py:153} INFO - Started process (PID=231) to work on /opt/airflow/dags/populate-dwh-dag.py
[2023-03-14 23:25:42,728] {processor.py:641} INFO - Processing file /opt/airflow/dags/populate-dwh-dag.py for tasks to queue
[2023-03-14 23:25:42,731] {logging_mixin.py:115} INFO - [2023-03-14 23:25:42,731] {dagbag.py:507} INFO - Filling up the DagBag from /opt/airflow/dags/populate-dwh-dag.py
[2023-03-14 23:25:43,314] {processor.py:651} INFO - DAG(s) dict_keys(['populate_dwh']) retrieved from /opt/airflow/dags/populate-dwh-dag.py
[2023-03-14 23:25:43,352] {logging_mixin.py:115} INFO - [2023-03-14 23:25:43,351] {dag.py:2371} INFO - Sync 1 DAGs
[2023-03-14 23:25:43,392] {logging_mixin.py:115} INFO - [2023-03-14 23:25:43,392] {dag.py:2919} INFO - Setting next_dagrun for populate_dwh to 2023-03-14T00:00:00+00:00, run_after=2023-03-15T00:00:00+00:00
[2023-03-14 23:25:43,414] {processor.py:161} INFO - Processing /opt/airflow/dags/populate-dwh-dag.py took 0.696 seconds
[2023-03-14 23:26:13,588] {processor.py:153} INFO - Started process (PID=237) to work on /opt/airflow/dags/populate-dwh-dag.py
[2023-03-14 23:26:13,592] {processor.py:641} INFO - Processing file /opt/airflow/dags/populate-dwh-dag.py for tasks to queue
[2023-03-14 23:26:13,596] {logging_mixin.py:115} INFO - [2023-03-14 23:26:13,596] {dagbag.py:507} INFO - Filling up the DagBag from /opt/airflow/dags/populate-dwh-dag.py
[2023-03-14 23:26:14,152] {processor.py:651} INFO - DAG(s) dict_keys(['populate_dwh']) retrieved from /opt/airflow/dags/populate-dwh-dag.py
[2023-03-14 23:26:14,183] {logging_mixin.py:115} INFO - [2023-03-14 23:26:14,182] {dag.py:2371} INFO - Sync 1 DAGs
[2023-03-14 23:26:14,214] {logging_mixin.py:115} INFO - [2023-03-14 23:26:14,214] {dag.py:2919} INFO - Setting next_dagrun for populate_dwh to 2023-03-14T00:00:00+00:00, run_after=2023-03-15T00:00:00+00:00
[2023-03-14 23:26:14,233] {processor.py:161} INFO - Processing /opt/airflow/dags/populate-dwh-dag.py took 0.654 seconds
[2023-03-14 23:26:44,382] {processor.py:153} INFO - Started process (PID=243) to work on /opt/airflow/dags/populate-dwh-dag.py
[2023-03-14 23:26:44,385] {processor.py:641} INFO - Processing file /opt/airflow/dags/populate-dwh-dag.py for tasks to queue
[2023-03-14 23:26:44,388] {logging_mixin.py:115} INFO - [2023-03-14 23:26:44,388] {dagbag.py:507} INFO - Filling up the DagBag from /opt/airflow/dags/populate-dwh-dag.py
[2023-03-14 23:26:46,815] {processor.py:651} INFO - DAG(s) dict_keys(['populate_dwh']) retrieved from /opt/airflow/dags/populate-dwh-dag.py
[2023-03-14 23:26:46,979] {logging_mixin.py:115} INFO - [2023-03-14 23:26:46,967] {dag.py:2371} INFO - Sync 1 DAGs
[2023-03-14 23:26:47,112] {logging_mixin.py:115} INFO - [2023-03-14 23:26:47,111] {dag.py:2919} INFO - Setting next_dagrun for populate_dwh to 2023-03-14T00:00:00+00:00, run_after=2023-03-15T00:00:00+00:00
[2023-03-14 23:26:47,148] {processor.py:161} INFO - Processing /opt/airflow/dags/populate-dwh-dag.py took 2.775 seconds
[2023-03-14 23:27:17,334] {processor.py:153} INFO - Started process (PID=249) to work on /opt/airflow/dags/populate-dwh-dag.py
[2023-03-14 23:27:17,338] {processor.py:641} INFO - Processing file /opt/airflow/dags/populate-dwh-dag.py for tasks to queue
[2023-03-14 23:27:17,341] {logging_mixin.py:115} INFO - [2023-03-14 23:27:17,341] {dagbag.py:507} INFO - Filling up the DagBag from /opt/airflow/dags/populate-dwh-dag.py
[2023-03-14 23:27:17,862] {processor.py:651} INFO - DAG(s) dict_keys(['populate_dwh']) retrieved from /opt/airflow/dags/populate-dwh-dag.py
[2023-03-14 23:27:17,894] {logging_mixin.py:115} INFO - [2023-03-14 23:27:17,893] {dag.py:2371} INFO - Sync 1 DAGs
[2023-03-14 23:27:17,928] {logging_mixin.py:115} INFO - [2023-03-14 23:27:17,927] {dag.py:2919} INFO - Setting next_dagrun for populate_dwh to 2023-03-14T00:00:00+00:00, run_after=2023-03-15T00:00:00+00:00
[2023-03-14 23:27:17,948] {processor.py:161} INFO - Processing /opt/airflow/dags/populate-dwh-dag.py took 0.621 seconds
[2023-03-14 23:27:48,118] {processor.py:153} INFO - Started process (PID=255) to work on /opt/airflow/dags/populate-dwh-dag.py
[2023-03-14 23:27:48,122] {processor.py:641} INFO - Processing file /opt/airflow/dags/populate-dwh-dag.py for tasks to queue
[2023-03-14 23:27:48,126] {logging_mixin.py:115} INFO - [2023-03-14 23:27:48,126] {dagbag.py:507} INFO - Filling up the DagBag from /opt/airflow/dags/populate-dwh-dag.py
[2023-03-14 23:27:48,740] {processor.py:651} INFO - DAG(s) dict_keys(['populate_dwh']) retrieved from /opt/airflow/dags/populate-dwh-dag.py
[2023-03-14 23:27:48,774] {logging_mixin.py:115} INFO - [2023-03-14 23:27:48,774] {dag.py:2371} INFO - Sync 1 DAGs
[2023-03-14 23:27:48,822] {logging_mixin.py:115} INFO - [2023-03-14 23:27:48,822] {dag.py:2919} INFO - Setting next_dagrun for populate_dwh to 2023-03-14T00:00:00+00:00, run_after=2023-03-15T00:00:00+00:00
[2023-03-14 23:27:48,846] {processor.py:161} INFO - Processing /opt/airflow/dags/populate-dwh-dag.py took 0.735 seconds
[2023-03-14 23:28:19,004] {processor.py:153} INFO - Started process (PID=261) to work on /opt/airflow/dags/populate-dwh-dag.py
[2023-03-14 23:28:19,007] {processor.py:641} INFO - Processing file /opt/airflow/dags/populate-dwh-dag.py for tasks to queue
[2023-03-14 23:28:19,010] {logging_mixin.py:115} INFO - [2023-03-14 23:28:19,010] {dagbag.py:507} INFO - Filling up the DagBag from /opt/airflow/dags/populate-dwh-dag.py
[2023-03-14 23:28:19,509] {processor.py:651} INFO - DAG(s) dict_keys(['populate_dwh']) retrieved from /opt/airflow/dags/populate-dwh-dag.py
[2023-03-14 23:28:19,541] {logging_mixin.py:115} INFO - [2023-03-14 23:28:19,540] {dag.py:2371} INFO - Sync 1 DAGs
[2023-03-14 23:28:19,572] {logging_mixin.py:115} INFO - [2023-03-14 23:28:19,572] {dag.py:2919} INFO - Setting next_dagrun for populate_dwh to 2023-03-14T00:00:00+00:00, run_after=2023-03-15T00:00:00+00:00
[2023-03-14 23:28:19,595] {processor.py:161} INFO - Processing /opt/airflow/dags/populate-dwh-dag.py took 0.597 seconds
[2023-03-14 23:28:49,744] {processor.py:153} INFO - Started process (PID=267) to work on /opt/airflow/dags/populate-dwh-dag.py
[2023-03-14 23:28:49,758] {processor.py:641} INFO - Processing file /opt/airflow/dags/populate-dwh-dag.py for tasks to queue
[2023-03-14 23:28:49,765] {logging_mixin.py:115} INFO - [2023-03-14 23:28:49,765] {dagbag.py:507} INFO - Filling up the DagBag from /opt/airflow/dags/populate-dwh-dag.py
[2023-03-14 23:28:50,625] {processor.py:651} INFO - DAG(s) dict_keys(['populate_dwh']) retrieved from /opt/airflow/dags/populate-dwh-dag.py
[2023-03-14 23:28:50,678] {logging_mixin.py:115} INFO - [2023-03-14 23:28:50,678] {dag.py:2371} INFO - Sync 1 DAGs
[2023-03-14 23:28:50,753] {logging_mixin.py:115} INFO - [2023-03-14 23:28:50,753] {dag.py:2919} INFO - Setting next_dagrun for populate_dwh to 2023-03-14T00:00:00+00:00, run_after=2023-03-15T00:00:00+00:00
[2023-03-14 23:28:50,775] {processor.py:161} INFO - Processing /opt/airflow/dags/populate-dwh-dag.py took 1.044 seconds
[2023-03-14 23:29:20,881] {processor.py:153} INFO - Started process (PID=273) to work on /opt/airflow/dags/populate-dwh-dag.py
[2023-03-14 23:29:20,885] {processor.py:641} INFO - Processing file /opt/airflow/dags/populate-dwh-dag.py for tasks to queue
[2023-03-14 23:29:20,890] {logging_mixin.py:115} INFO - [2023-03-14 23:29:20,890] {dagbag.py:507} INFO - Filling up the DagBag from /opt/airflow/dags/populate-dwh-dag.py
[2023-03-14 23:29:21,484] {processor.py:651} INFO - DAG(s) dict_keys(['populate_dwh']) retrieved from /opt/airflow/dags/populate-dwh-dag.py
[2023-03-14 23:29:21,515] {logging_mixin.py:115} INFO - [2023-03-14 23:29:21,514] {dag.py:2371} INFO - Sync 1 DAGs
[2023-03-14 23:29:21,546] {logging_mixin.py:115} INFO - [2023-03-14 23:29:21,546] {dag.py:2919} INFO - Setting next_dagrun for populate_dwh to 2023-03-14T00:00:00+00:00, run_after=2023-03-15T00:00:00+00:00
[2023-03-14 23:29:21,565] {processor.py:161} INFO - Processing /opt/airflow/dags/populate-dwh-dag.py took 0.691 seconds
[2023-03-14 23:29:28,677] {processor.py:153} INFO - Started process (PID=279) to work on /opt/airflow/dags/populate-dwh-dag.py
[2023-03-14 23:29:28,780] {processor.py:641} INFO - Processing file /opt/airflow/dags/populate-dwh-dag.py for tasks to queue
[2023-03-14 23:29:28,804] {logging_mixin.py:115} INFO - [2023-03-14 23:29:28,803] {dagbag.py:507} INFO - Filling up the DagBag from /opt/airflow/dags/populate-dwh-dag.py
[2023-03-14 23:29:29,529] {processor.py:651} INFO - DAG(s) dict_keys(['populate_dwh']) retrieved from /opt/airflow/dags/populate-dwh-dag.py
[2023-03-14 23:29:29,594] {logging_mixin.py:115} INFO - [2023-03-14 23:29:29,593] {dag.py:2371} INFO - Sync 1 DAGs
[2023-03-14 23:29:29,693] {logging_mixin.py:115} INFO - [2023-03-14 23:29:29,693] {dag.py:2919} INFO - Setting next_dagrun for populate_dwh to 2023-03-14T00:00:00+00:00, run_after=2023-03-15T00:00:00+00:00
[2023-03-14 23:29:29,731] {processor.py:161} INFO - Processing /opt/airflow/dags/populate-dwh-dag.py took 1.061 seconds
[2023-03-14 23:29:44,786] {processor.py:153} INFO - Started process (PID=285) to work on /opt/airflow/dags/populate-dwh-dag.py
[2023-03-14 23:29:44,790] {processor.py:641} INFO - Processing file /opt/airflow/dags/populate-dwh-dag.py for tasks to queue
[2023-03-14 23:29:44,794] {logging_mixin.py:115} INFO - [2023-03-14 23:29:44,793] {dagbag.py:507} INFO - Filling up the DagBag from /opt/airflow/dags/populate-dwh-dag.py
[2023-03-14 23:29:45,513] {processor.py:651} INFO - DAG(s) dict_keys(['populate_dwh']) retrieved from /opt/airflow/dags/populate-dwh-dag.py
[2023-03-14 23:29:45,548] {logging_mixin.py:115} INFO - [2023-03-14 23:29:45,548] {dag.py:2371} INFO - Sync 1 DAGs
[2023-03-14 23:29:45,596] {logging_mixin.py:115} INFO - [2023-03-14 23:29:45,596] {dag.py:2919} INFO - Setting next_dagrun for populate_dwh to 2023-03-14T00:00:00+00:00, run_after=2023-03-15T00:00:00+00:00
[2023-03-14 23:29:45,629] {processor.py:161} INFO - Processing /opt/airflow/dags/populate-dwh-dag.py took 0.849 seconds
[2023-03-14 23:30:15,821] {processor.py:153} INFO - Started process (PID=291) to work on /opt/airflow/dags/populate-dwh-dag.py
[2023-03-14 23:30:15,824] {processor.py:641} INFO - Processing file /opt/airflow/dags/populate-dwh-dag.py for tasks to queue
[2023-03-14 23:30:15,827] {logging_mixin.py:115} INFO - [2023-03-14 23:30:15,827] {dagbag.py:507} INFO - Filling up the DagBag from /opt/airflow/dags/populate-dwh-dag.py
[2023-03-14 23:30:16,551] {processor.py:651} INFO - DAG(s) dict_keys(['populate_dwh']) retrieved from /opt/airflow/dags/populate-dwh-dag.py
[2023-03-14 23:30:16,588] {logging_mixin.py:115} INFO - [2023-03-14 23:30:16,587] {dag.py:2371} INFO - Sync 1 DAGs
[2023-03-14 23:30:16,621] {logging_mixin.py:115} INFO - [2023-03-14 23:30:16,621] {dag.py:2919} INFO - Setting next_dagrun for populate_dwh to 2023-03-14T00:00:00+00:00, run_after=2023-03-15T00:00:00+00:00
[2023-03-14 23:30:16,641] {processor.py:161} INFO - Processing /opt/airflow/dags/populate-dwh-dag.py took 0.830 seconds
[2023-03-14 23:30:46,811] {processor.py:153} INFO - Started process (PID=297) to work on /opt/airflow/dags/populate-dwh-dag.py
[2023-03-14 23:30:46,814] {processor.py:641} INFO - Processing file /opt/airflow/dags/populate-dwh-dag.py for tasks to queue
[2023-03-14 23:30:46,817] {logging_mixin.py:115} INFO - [2023-03-14 23:30:46,817] {dagbag.py:507} INFO - Filling up the DagBag from /opt/airflow/dags/populate-dwh-dag.py
[2023-03-14 23:30:47,414] {processor.py:651} INFO - DAG(s) dict_keys(['populate_dwh']) retrieved from /opt/airflow/dags/populate-dwh-dag.py
[2023-03-14 23:30:47,445] {logging_mixin.py:115} INFO - [2023-03-14 23:30:47,444] {dag.py:2371} INFO - Sync 1 DAGs
[2023-03-14 23:30:47,475] {logging_mixin.py:115} INFO - [2023-03-14 23:30:47,475] {dag.py:2919} INFO - Setting next_dagrun for populate_dwh to 2023-03-14T00:00:00+00:00, run_after=2023-03-15T00:00:00+00:00
[2023-03-14 23:30:47,494] {processor.py:161} INFO - Processing /opt/airflow/dags/populate-dwh-dag.py took 0.691 seconds
[2023-03-14 23:31:06,623] {processor.py:153} INFO - Started process (PID=303) to work on /opt/airflow/dags/populate-dwh-dag.py
[2023-03-14 23:31:06,644] {processor.py:641} INFO - Processing file /opt/airflow/dags/populate-dwh-dag.py for tasks to queue
[2023-03-14 23:31:06,650] {logging_mixin.py:115} INFO - [2023-03-14 23:31:06,649] {dagbag.py:507} INFO - Filling up the DagBag from /opt/airflow/dags/populate-dwh-dag.py
[2023-03-14 23:31:07,356] {processor.py:651} INFO - DAG(s) dict_keys(['populate_dwh']) retrieved from /opt/airflow/dags/populate-dwh-dag.py
[2023-03-14 23:31:07,386] {logging_mixin.py:115} INFO - [2023-03-14 23:31:07,386] {dag.py:2371} INFO - Sync 1 DAGs
[2023-03-14 23:31:07,418] {logging_mixin.py:115} INFO - [2023-03-14 23:31:07,417] {dag.py:2919} INFO - Setting next_dagrun for populate_dwh to 2023-03-14T00:00:00+00:00, run_after=2023-03-15T00:00:00+00:00
[2023-03-14 23:31:07,448] {processor.py:161} INFO - Processing /opt/airflow/dags/populate-dwh-dag.py took 0.835 seconds
[2023-03-14 23:31:08,243] {processor.py:153} INFO - Started process (PID=309) to work on /opt/airflow/dags/populate-dwh-dag.py
[2023-03-14 23:31:08,246] {processor.py:641} INFO - Processing file /opt/airflow/dags/populate-dwh-dag.py for tasks to queue
[2023-03-14 23:31:08,250] {logging_mixin.py:115} INFO - [2023-03-14 23:31:08,250] {dagbag.py:507} INFO - Filling up the DagBag from /opt/airflow/dags/populate-dwh-dag.py
[2023-03-14 23:31:09,026] {processor.py:651} INFO - DAG(s) dict_keys(['populate_dwh']) retrieved from /opt/airflow/dags/populate-dwh-dag.py
[2023-03-14 23:31:09,060] {logging_mixin.py:115} INFO - [2023-03-14 23:31:09,059] {dag.py:2371} INFO - Sync 1 DAGs
[2023-03-14 23:31:09,098] {logging_mixin.py:115} INFO - [2023-03-14 23:31:09,097] {dag.py:2919} INFO - Setting next_dagrun for populate_dwh to 2023-03-14T00:00:00+00:00, run_after=2023-03-15T00:00:00+00:00
[2023-03-14 23:31:09,130] {processor.py:161} INFO - Processing /opt/airflow/dags/populate-dwh-dag.py took 0.894 seconds
[2023-03-14 23:31:17,250] {processor.py:153} INFO - Started process (PID=315) to work on /opt/airflow/dags/populate-dwh-dag.py
[2023-03-14 23:31:17,253] {processor.py:641} INFO - Processing file /opt/airflow/dags/populate-dwh-dag.py for tasks to queue
[2023-03-14 23:31:17,256] {logging_mixin.py:115} INFO - [2023-03-14 23:31:17,256] {dagbag.py:507} INFO - Filling up the DagBag from /opt/airflow/dags/populate-dwh-dag.py
[2023-03-14 23:31:17,877] {processor.py:651} INFO - DAG(s) dict_keys(['populate_dwh']) retrieved from /opt/airflow/dags/populate-dwh-dag.py
[2023-03-14 23:31:17,909] {logging_mixin.py:115} INFO - [2023-03-14 23:31:17,908] {dag.py:2371} INFO - Sync 1 DAGs
[2023-03-14 23:31:17,939] {logging_mixin.py:115} INFO - [2023-03-14 23:31:17,939] {dag.py:2919} INFO - Setting next_dagrun for populate_dwh to 2023-03-14T00:00:00+00:00, run_after=2023-03-15T00:00:00+00:00
[2023-03-14 23:31:17,969] {processor.py:161} INFO - Processing /opt/airflow/dags/populate-dwh-dag.py took 0.724 seconds
[2023-03-14 23:31:48,139] {processor.py:153} INFO - Started process (PID=321) to work on /opt/airflow/dags/populate-dwh-dag.py
[2023-03-14 23:31:48,142] {processor.py:641} INFO - Processing file /opt/airflow/dags/populate-dwh-dag.py for tasks to queue
[2023-03-14 23:31:48,147] {logging_mixin.py:115} INFO - [2023-03-14 23:31:48,147] {dagbag.py:507} INFO - Filling up the DagBag from /opt/airflow/dags/populate-dwh-dag.py
[2023-03-14 23:31:48,833] {processor.py:651} INFO - DAG(s) dict_keys(['populate_dwh']) retrieved from /opt/airflow/dags/populate-dwh-dag.py
[2023-03-14 23:31:48,868] {logging_mixin.py:115} INFO - [2023-03-14 23:31:48,867] {dag.py:2371} INFO - Sync 1 DAGs
[2023-03-14 23:31:48,899] {logging_mixin.py:115} INFO - [2023-03-14 23:31:48,898] {dag.py:2919} INFO - Setting next_dagrun for populate_dwh to 2023-03-14T00:00:00+00:00, run_after=2023-03-15T00:00:00+00:00
[2023-03-14 23:31:48,918] {processor.py:161} INFO - Processing /opt/airflow/dags/populate-dwh-dag.py took 0.788 seconds
[2023-03-14 23:34:20,026] {processor.py:153} INFO - Started process (PID=177) to work on /opt/airflow/dags/populate-dwh-dag.py
[2023-03-14 23:34:20,033] {processor.py:641} INFO - Processing file /opt/airflow/dags/populate-dwh-dag.py for tasks to queue
[2023-03-14 23:34:20,036] {logging_mixin.py:115} INFO - [2023-03-14 23:34:20,036] {dagbag.py:507} INFO - Filling up the DagBag from /opt/airflow/dags/populate-dwh-dag.py
[2023-03-14 23:34:20,767] {processor.py:651} INFO - DAG(s) dict_keys(['populate_dwh']) retrieved from /opt/airflow/dags/populate-dwh-dag.py
[2023-03-14 23:34:20,892] {logging_mixin.py:115} INFO - [2023-03-14 23:34:20,892] {manager.py:508} INFO - Created Permission View: can delete on DAG:populate_dwh
[2023-03-14 23:34:20,912] {logging_mixin.py:115} INFO - [2023-03-14 23:34:20,912] {manager.py:508} INFO - Created Permission View: can read on DAG:populate_dwh
[2023-03-14 23:34:20,929] {logging_mixin.py:115} INFO - [2023-03-14 23:34:20,929] {manager.py:508} INFO - Created Permission View: can edit on DAG:populate_dwh
[2023-03-14 23:34:20,935] {logging_mixin.py:115} INFO - [2023-03-14 23:34:20,934] {dag.py:2371} INFO - Sync 1 DAGs
[2023-03-14 23:34:20,953] {logging_mixin.py:115} INFO - [2023-03-14 23:34:20,953] {dag.py:2390} INFO - Creating ORM DAG for populate_dwh
[2023-03-14 23:34:20,975] {logging_mixin.py:115} INFO - [2023-03-14 23:34:20,975] {dag.py:2919} INFO - Setting next_dagrun for populate_dwh to 2023-03-13T00:00:00+00:00, run_after=2023-03-14T00:00:00+00:00
[2023-03-14 23:34:21,029] {processor.py:161} INFO - Processing /opt/airflow/dags/populate-dwh-dag.py took 1.016 seconds
[2023-03-14 23:34:51,175] {processor.py:153} INFO - Started process (PID=183) to work on /opt/airflow/dags/populate-dwh-dag.py
[2023-03-14 23:34:51,179] {processor.py:641} INFO - Processing file /opt/airflow/dags/populate-dwh-dag.py for tasks to queue
[2023-03-14 23:34:51,182] {logging_mixin.py:115} INFO - [2023-03-14 23:34:51,182] {dagbag.py:507} INFO - Filling up the DagBag from /opt/airflow/dags/populate-dwh-dag.py
[2023-03-14 23:34:51,698] {processor.py:651} INFO - DAG(s) dict_keys(['populate_dwh']) retrieved from /opt/airflow/dags/populate-dwh-dag.py
[2023-03-14 23:34:51,729] {logging_mixin.py:115} INFO - [2023-03-14 23:34:51,728] {dag.py:2371} INFO - Sync 1 DAGs
[2023-03-14 23:34:51,759] {logging_mixin.py:115} INFO - [2023-03-14 23:34:51,759] {dag.py:2919} INFO - Setting next_dagrun for populate_dwh to 2023-03-13T00:00:00+00:00, run_after=2023-03-14T00:00:00+00:00
[2023-03-14 23:34:51,778] {processor.py:161} INFO - Processing /opt/airflow/dags/populate-dwh-dag.py took 0.608 seconds
[2023-03-14 23:35:21,925] {processor.py:153} INFO - Started process (PID=189) to work on /opt/airflow/dags/populate-dwh-dag.py
[2023-03-14 23:35:21,928] {processor.py:641} INFO - Processing file /opt/airflow/dags/populate-dwh-dag.py for tasks to queue
[2023-03-14 23:35:21,930] {logging_mixin.py:115} INFO - [2023-03-14 23:35:21,930] {dagbag.py:507} INFO - Filling up the DagBag from /opt/airflow/dags/populate-dwh-dag.py
[2023-03-14 23:35:22,426] {processor.py:651} INFO - DAG(s) dict_keys(['populate_dwh']) retrieved from /opt/airflow/dags/populate-dwh-dag.py
[2023-03-14 23:35:22,457] {logging_mixin.py:115} INFO - [2023-03-14 23:35:22,456] {dag.py:2371} INFO - Sync 1 DAGs
[2023-03-14 23:35:22,488] {logging_mixin.py:115} INFO - [2023-03-14 23:35:22,488] {dag.py:2919} INFO - Setting next_dagrun for populate_dwh to 2023-03-13T00:00:00+00:00, run_after=2023-03-14T00:00:00+00:00
[2023-03-14 23:35:22,507] {processor.py:161} INFO - Processing /opt/airflow/dags/populate-dwh-dag.py took 0.588 seconds
[2023-03-14 23:35:52,651] {processor.py:153} INFO - Started process (PID=195) to work on /opt/airflow/dags/populate-dwh-dag.py
[2023-03-14 23:35:52,655] {processor.py:641} INFO - Processing file /opt/airflow/dags/populate-dwh-dag.py for tasks to queue
[2023-03-14 23:35:52,660] {logging_mixin.py:115} INFO - [2023-03-14 23:35:52,659] {dagbag.py:507} INFO - Filling up the DagBag from /opt/airflow/dags/populate-dwh-dag.py
[2023-03-14 23:35:53,155] {processor.py:651} INFO - DAG(s) dict_keys(['populate_dwh']) retrieved from /opt/airflow/dags/populate-dwh-dag.py
[2023-03-14 23:35:53,187] {logging_mixin.py:115} INFO - [2023-03-14 23:35:53,186] {dag.py:2371} INFO - Sync 1 DAGs
[2023-03-14 23:35:53,218] {logging_mixin.py:115} INFO - [2023-03-14 23:35:53,218] {dag.py:2919} INFO - Setting next_dagrun for populate_dwh to 2023-03-13T00:00:00+00:00, run_after=2023-03-14T00:00:00+00:00
[2023-03-14 23:35:53,236] {processor.py:161} INFO - Processing /opt/airflow/dags/populate-dwh-dag.py took 0.591 seconds
[2023-03-14 23:36:23,405] {processor.py:153} INFO - Started process (PID=201) to work on /opt/airflow/dags/populate-dwh-dag.py
[2023-03-14 23:36:23,409] {processor.py:641} INFO - Processing file /opt/airflow/dags/populate-dwh-dag.py for tasks to queue
[2023-03-14 23:36:23,412] {logging_mixin.py:115} INFO - [2023-03-14 23:36:23,412] {dagbag.py:507} INFO - Filling up the DagBag from /opt/airflow/dags/populate-dwh-dag.py
[2023-03-14 23:36:23,916] {processor.py:651} INFO - DAG(s) dict_keys(['populate_dwh']) retrieved from /opt/airflow/dags/populate-dwh-dag.py
[2023-03-14 23:36:23,947] {logging_mixin.py:115} INFO - [2023-03-14 23:36:23,947] {dag.py:2371} INFO - Sync 1 DAGs
[2023-03-14 23:36:23,979] {logging_mixin.py:115} INFO - [2023-03-14 23:36:23,978] {dag.py:2919} INFO - Setting next_dagrun for populate_dwh to 2023-03-13T00:00:00+00:00, run_after=2023-03-14T00:00:00+00:00
[2023-03-14 23:36:23,997] {processor.py:161} INFO - Processing /opt/airflow/dags/populate-dwh-dag.py took 0.598 seconds
[2023-03-14 23:36:54,137] {processor.py:153} INFO - Started process (PID=207) to work on /opt/airflow/dags/populate-dwh-dag.py
[2023-03-14 23:36:54,142] {processor.py:641} INFO - Processing file /opt/airflow/dags/populate-dwh-dag.py for tasks to queue
[2023-03-14 23:36:54,147] {logging_mixin.py:115} INFO - [2023-03-14 23:36:54,146] {dagbag.py:507} INFO - Filling up the DagBag from /opt/airflow/dags/populate-dwh-dag.py
[2023-03-14 23:36:54,652] {processor.py:651} INFO - DAG(s) dict_keys(['populate_dwh']) retrieved from /opt/airflow/dags/populate-dwh-dag.py
[2023-03-14 23:36:54,684] {logging_mixin.py:115} INFO - [2023-03-14 23:36:54,684] {dag.py:2371} INFO - Sync 1 DAGs
[2023-03-14 23:36:54,715] {logging_mixin.py:115} INFO - [2023-03-14 23:36:54,714] {dag.py:2919} INFO - Setting next_dagrun for populate_dwh to 2023-03-13T00:00:00+00:00, run_after=2023-03-14T00:00:00+00:00
[2023-03-14 23:36:54,733] {processor.py:161} INFO - Processing /opt/airflow/dags/populate-dwh-dag.py took 0.602 seconds
[2023-03-14 23:37:24,980] {processor.py:153} INFO - Started process (PID=213) to work on /opt/airflow/dags/populate-dwh-dag.py
[2023-03-14 23:37:24,994] {processor.py:641} INFO - Processing file /opt/airflow/dags/populate-dwh-dag.py for tasks to queue
[2023-03-14 23:37:24,997] {logging_mixin.py:115} INFO - [2023-03-14 23:37:24,997] {dagbag.py:507} INFO - Filling up the DagBag from /opt/airflow/dags/populate-dwh-dag.py
[2023-03-14 23:37:25,604] {processor.py:651} INFO - DAG(s) dict_keys(['populate_dwh']) retrieved from /opt/airflow/dags/populate-dwh-dag.py
[2023-03-14 23:37:25,656] {logging_mixin.py:115} INFO - [2023-03-14 23:37:25,654] {dag.py:2371} INFO - Sync 1 DAGs
[2023-03-14 23:37:25,835] {logging_mixin.py:115} INFO - [2023-03-14 23:37:25,835] {dag.py:2919} INFO - Setting next_dagrun for populate_dwh to 2023-03-13T00:00:00+00:00, run_after=2023-03-14T00:00:00+00:00
[2023-03-14 23:37:25,976] {processor.py:161} INFO - Processing /opt/airflow/dags/populate-dwh-dag.py took 1.002 seconds
[2023-03-14 23:37:56,187] {processor.py:153} INFO - Started process (PID=222) to work on /opt/airflow/dags/populate-dwh-dag.py
[2023-03-14 23:37:56,191] {processor.py:641} INFO - Processing file /opt/airflow/dags/populate-dwh-dag.py for tasks to queue
[2023-03-14 23:37:56,195] {logging_mixin.py:115} INFO - [2023-03-14 23:37:56,195] {dagbag.py:507} INFO - Filling up the DagBag from /opt/airflow/dags/populate-dwh-dag.py
[2023-03-14 23:37:56,781] {processor.py:651} INFO - DAG(s) dict_keys(['populate_dwh']) retrieved from /opt/airflow/dags/populate-dwh-dag.py
[2023-03-14 23:37:56,819] {logging_mixin.py:115} INFO - [2023-03-14 23:37:56,818] {dag.py:2371} INFO - Sync 1 DAGs
[2023-03-14 23:37:56,854] {logging_mixin.py:115} INFO - [2023-03-14 23:37:56,853] {dag.py:2919} INFO - Setting next_dagrun for populate_dwh to 2023-03-14T00:00:00+00:00, run_after=2023-03-15T00:00:00+00:00
[2023-03-14 23:37:56,875] {processor.py:161} INFO - Processing /opt/airflow/dags/populate-dwh-dag.py took 0.696 seconds
[2023-03-14 23:38:27,059] {processor.py:153} INFO - Started process (PID=228) to work on /opt/airflow/dags/populate-dwh-dag.py
[2023-03-14 23:38:27,064] {processor.py:641} INFO - Processing file /opt/airflow/dags/populate-dwh-dag.py for tasks to queue
[2023-03-14 23:38:27,069] {logging_mixin.py:115} INFO - [2023-03-14 23:38:27,069] {dagbag.py:507} INFO - Filling up the DagBag from /opt/airflow/dags/populate-dwh-dag.py
[2023-03-14 23:38:27,905] {processor.py:651} INFO - DAG(s) dict_keys(['populate_dwh']) retrieved from /opt/airflow/dags/populate-dwh-dag.py
[2023-03-14 23:38:27,946] {logging_mixin.py:115} INFO - [2023-03-14 23:38:27,946] {dag.py:2371} INFO - Sync 1 DAGs
[2023-03-14 23:38:27,991] {logging_mixin.py:115} INFO - [2023-03-14 23:38:27,990] {dag.py:2919} INFO - Setting next_dagrun for populate_dwh to 2023-03-14T00:00:00+00:00, run_after=2023-03-15T00:00:00+00:00
[2023-03-14 23:38:28,015] {processor.py:161} INFO - Processing /opt/airflow/dags/populate-dwh-dag.py took 0.967 seconds
[2023-03-14 23:38:58,167] {processor.py:153} INFO - Started process (PID=234) to work on /opt/airflow/dags/populate-dwh-dag.py
[2023-03-14 23:38:58,171] {processor.py:641} INFO - Processing file /opt/airflow/dags/populate-dwh-dag.py for tasks to queue
[2023-03-14 23:38:58,175] {logging_mixin.py:115} INFO - [2023-03-14 23:38:58,175] {dagbag.py:507} INFO - Filling up the DagBag from /opt/airflow/dags/populate-dwh-dag.py
[2023-03-14 23:38:58,748] {processor.py:651} INFO - DAG(s) dict_keys(['populate_dwh']) retrieved from /opt/airflow/dags/populate-dwh-dag.py
[2023-03-14 23:38:58,780] {logging_mixin.py:115} INFO - [2023-03-14 23:38:58,779] {dag.py:2371} INFO - Sync 1 DAGs
[2023-03-14 23:38:58,811] {logging_mixin.py:115} INFO - [2023-03-14 23:38:58,811] {dag.py:2919} INFO - Setting next_dagrun for populate_dwh to 2023-03-14T00:00:00+00:00, run_after=2023-03-15T00:00:00+00:00
[2023-03-14 23:38:58,831] {processor.py:161} INFO - Processing /opt/airflow/dags/populate-dwh-dag.py took 0.670 seconds
[2023-03-14 23:39:29,092] {processor.py:153} INFO - Started process (PID=240) to work on /opt/airflow/dags/populate-dwh-dag.py
[2023-03-14 23:39:29,096] {processor.py:641} INFO - Processing file /opt/airflow/dags/populate-dwh-dag.py for tasks to queue
[2023-03-14 23:39:29,099] {logging_mixin.py:115} INFO - [2023-03-14 23:39:29,099] {dagbag.py:507} INFO - Filling up the DagBag from /opt/airflow/dags/populate-dwh-dag.py
[2023-03-14 23:39:29,750] {processor.py:651} INFO - DAG(s) dict_keys(['populate_dwh']) retrieved from /opt/airflow/dags/populate-dwh-dag.py
[2023-03-14 23:39:29,784] {logging_mixin.py:115} INFO - [2023-03-14 23:39:29,784] {dag.py:2371} INFO - Sync 1 DAGs
[2023-03-14 23:39:29,822] {logging_mixin.py:115} INFO - [2023-03-14 23:39:29,821] {dag.py:2919} INFO - Setting next_dagrun for populate_dwh to 2023-03-14T00:00:00+00:00, run_after=2023-03-15T00:00:00+00:00
[2023-03-14 23:39:29,843] {processor.py:161} INFO - Processing /opt/airflow/dags/populate-dwh-dag.py took 0.757 seconds
[2023-03-14 23:39:47,015] {processor.py:153} INFO - Started process (PID=246) to work on /opt/airflow/dags/populate-dwh-dag.py
[2023-03-14 23:39:47,018] {processor.py:641} INFO - Processing file /opt/airflow/dags/populate-dwh-dag.py for tasks to queue
[2023-03-14 23:39:47,022] {logging_mixin.py:115} INFO - [2023-03-14 23:39:47,022] {dagbag.py:507} INFO - Filling up the DagBag from /opt/airflow/dags/populate-dwh-dag.py
[2023-03-14 23:39:47,710] {processor.py:651} INFO - DAG(s) dict_keys(['populate_dwh']) retrieved from /opt/airflow/dags/populate-dwh-dag.py
[2023-03-14 23:39:47,775] {logging_mixin.py:115} INFO - [2023-03-14 23:39:47,775] {dag.py:2371} INFO - Sync 1 DAGs
[2023-03-14 23:39:47,834] {logging_mixin.py:115} INFO - [2023-03-14 23:39:47,834] {dag.py:2919} INFO - Setting next_dagrun for populate_dwh to 2023-03-14T00:00:00+00:00, run_after=2023-03-15T00:00:00+00:00
[2023-03-14 23:39:47,863] {processor.py:161} INFO - Processing /opt/airflow/dags/populate-dwh-dag.py took 0.860 seconds
[2023-03-14 23:41:56,676] {processor.py:153} INFO - Started process (PID=175) to work on /opt/airflow/dags/populate-dwh-dag.py
[2023-03-14 23:41:56,680] {processor.py:641} INFO - Processing file /opt/airflow/dags/populate-dwh-dag.py for tasks to queue
[2023-03-14 23:41:56,683] {logging_mixin.py:115} INFO - [2023-03-14 23:41:56,683] {dagbag.py:507} INFO - Filling up the DagBag from /opt/airflow/dags/populate-dwh-dag.py
[2023-03-14 23:41:57,405] {processor.py:651} INFO - DAG(s) dict_keys(['populate_dwh']) retrieved from /opt/airflow/dags/populate-dwh-dag.py
[2023-03-14 23:41:57,520] {logging_mixin.py:115} INFO - [2023-03-14 23:41:57,520] {manager.py:508} INFO - Created Permission View: can edit on DAG:populate_dwh
[2023-03-14 23:41:57,543] {logging_mixin.py:115} INFO - [2023-03-14 23:41:57,543] {manager.py:508} INFO - Created Permission View: can read on DAG:populate_dwh
[2023-03-14 23:41:57,562] {logging_mixin.py:115} INFO - [2023-03-14 23:41:57,562] {manager.py:508} INFO - Created Permission View: can delete on DAG:populate_dwh
[2023-03-14 23:41:57,566] {logging_mixin.py:115} INFO - [2023-03-14 23:41:57,564] {dag.py:2371} INFO - Sync 1 DAGs
[2023-03-14 23:41:57,587] {logging_mixin.py:115} INFO - [2023-03-14 23:41:57,587] {dag.py:2390} INFO - Creating ORM DAG for populate_dwh
[2023-03-14 23:41:57,619] {logging_mixin.py:115} INFO - [2023-03-14 23:41:57,619] {dag.py:2919} INFO - Setting next_dagrun for populate_dwh to 2023-03-13T00:00:00+00:00, run_after=2023-03-14T00:00:00+00:00
[2023-03-14 23:41:57,651] {processor.py:161} INFO - Processing /opt/airflow/dags/populate-dwh-dag.py took 0.981 seconds
[2023-03-14 23:42:27,914] {processor.py:153} INFO - Started process (PID=185) to work on /opt/airflow/dags/populate-dwh-dag.py
[2023-03-14 23:42:27,919] {processor.py:641} INFO - Processing file /opt/airflow/dags/populate-dwh-dag.py for tasks to queue
[2023-03-14 23:42:27,922] {logging_mixin.py:115} INFO - [2023-03-14 23:42:27,922] {dagbag.py:507} INFO - Filling up the DagBag from /opt/airflow/dags/populate-dwh-dag.py
[2023-03-14 23:42:28,591] {processor.py:651} INFO - DAG(s) dict_keys(['populate_dwh']) retrieved from /opt/airflow/dags/populate-dwh-dag.py
[2023-03-14 23:42:28,627] {logging_mixin.py:115} INFO - [2023-03-14 23:42:28,626] {dag.py:2371} INFO - Sync 1 DAGs
[2023-03-14 23:42:28,664] {logging_mixin.py:115} INFO - [2023-03-14 23:42:28,664] {dag.py:2919} INFO - Setting next_dagrun for populate_dwh to 2023-03-14T00:00:00+00:00, run_after=2023-03-15T00:00:00+00:00
[2023-03-14 23:42:28,686] {processor.py:161} INFO - Processing /opt/airflow/dags/populate-dwh-dag.py took 0.779 seconds
[2023-03-14 23:42:58,876] {processor.py:153} INFO - Started process (PID=191) to work on /opt/airflow/dags/populate-dwh-dag.py
[2023-03-14 23:42:58,882] {processor.py:641} INFO - Processing file /opt/airflow/dags/populate-dwh-dag.py for tasks to queue
[2023-03-14 23:42:58,884] {logging_mixin.py:115} INFO - [2023-03-14 23:42:58,884] {dagbag.py:507} INFO - Filling up the DagBag from /opt/airflow/dags/populate-dwh-dag.py
[2023-03-14 23:42:59,527] {processor.py:651} INFO - DAG(s) dict_keys(['populate_dwh']) retrieved from /opt/airflow/dags/populate-dwh-dag.py
[2023-03-14 23:42:59,563] {logging_mixin.py:115} INFO - [2023-03-14 23:42:59,563] {dag.py:2371} INFO - Sync 1 DAGs
[2023-03-14 23:42:59,603] {logging_mixin.py:115} INFO - [2023-03-14 23:42:59,603] {dag.py:2919} INFO - Setting next_dagrun for populate_dwh to 2023-03-14T00:00:00+00:00, run_after=2023-03-15T00:00:00+00:00
[2023-03-14 23:42:59,644] {processor.py:161} INFO - Processing /opt/airflow/dags/populate-dwh-dag.py took 0.775 seconds
[2023-03-14 23:43:29,859] {processor.py:153} INFO - Started process (PID=197) to work on /opt/airflow/dags/populate-dwh-dag.py
[2023-03-14 23:43:29,863] {processor.py:641} INFO - Processing file /opt/airflow/dags/populate-dwh-dag.py for tasks to queue
[2023-03-14 23:43:29,866] {logging_mixin.py:115} INFO - [2023-03-14 23:43:29,866] {dagbag.py:507} INFO - Filling up the DagBag from /opt/airflow/dags/populate-dwh-dag.py
[2023-03-14 23:43:30,547] {processor.py:651} INFO - DAG(s) dict_keys(['populate_dwh']) retrieved from /opt/airflow/dags/populate-dwh-dag.py
[2023-03-14 23:43:30,591] {logging_mixin.py:115} INFO - [2023-03-14 23:43:30,590] {dag.py:2371} INFO - Sync 1 DAGs
[2023-03-14 23:43:30,649] {logging_mixin.py:115} INFO - [2023-03-14 23:43:30,648] {dag.py:2919} INFO - Setting next_dagrun for populate_dwh to 2023-03-14T00:00:00+00:00, run_after=2023-03-15T00:00:00+00:00
[2023-03-14 23:43:30,731] {processor.py:161} INFO - Processing /opt/airflow/dags/populate-dwh-dag.py took 0.878 seconds
[2023-03-14 23:44:00,940] {processor.py:153} INFO - Started process (PID=203) to work on /opt/airflow/dags/populate-dwh-dag.py
[2023-03-14 23:44:00,944] {processor.py:641} INFO - Processing file /opt/airflow/dags/populate-dwh-dag.py for tasks to queue
[2023-03-14 23:44:00,947] {logging_mixin.py:115} INFO - [2023-03-14 23:44:00,947] {dagbag.py:507} INFO - Filling up the DagBag from /opt/airflow/dags/populate-dwh-dag.py
[2023-03-14 23:44:01,627] {processor.py:651} INFO - DAG(s) dict_keys(['populate_dwh']) retrieved from /opt/airflow/dags/populate-dwh-dag.py
[2023-03-14 23:44:01,668] {logging_mixin.py:115} INFO - [2023-03-14 23:44:01,667] {dag.py:2371} INFO - Sync 1 DAGs
[2023-03-14 23:44:01,717] {logging_mixin.py:115} INFO - [2023-03-14 23:44:01,717] {dag.py:2919} INFO - Setting next_dagrun for populate_dwh to 2023-03-14T00:00:00+00:00, run_after=2023-03-15T00:00:00+00:00
[2023-03-14 23:44:01,745] {processor.py:161} INFO - Processing /opt/airflow/dags/populate-dwh-dag.py took 0.814 seconds
[2023-03-14 23:44:32,021] {processor.py:153} INFO - Started process (PID=209) to work on /opt/airflow/dags/populate-dwh-dag.py
[2023-03-14 23:44:32,025] {processor.py:641} INFO - Processing file /opt/airflow/dags/populate-dwh-dag.py for tasks to queue
[2023-03-14 23:44:32,048] {logging_mixin.py:115} INFO - [2023-03-14 23:44:32,048] {dagbag.py:507} INFO - Filling up the DagBag from /opt/airflow/dags/populate-dwh-dag.py
[2023-03-14 23:44:36,710] {processor.py:651} INFO - DAG(s) dict_keys(['populate_dwh']) retrieved from /opt/airflow/dags/populate-dwh-dag.py
[2023-03-14 23:44:36,838] {logging_mixin.py:115} INFO - [2023-03-14 23:44:36,837] {dag.py:2371} INFO - Sync 1 DAGs
[2023-03-14 23:44:36,926] {logging_mixin.py:115} INFO - [2023-03-14 23:44:36,926] {dag.py:2919} INFO - Setting next_dagrun for populate_dwh to 2023-03-14T00:00:00+00:00, run_after=2023-03-15T00:00:00+00:00
[2023-03-14 23:44:37,034] {processor.py:161} INFO - Processing /opt/airflow/dags/populate-dwh-dag.py took 5.021 seconds
[2023-03-14 23:45:07,264] {processor.py:153} INFO - Started process (PID=215) to work on /opt/airflow/dags/populate-dwh-dag.py
[2023-03-14 23:45:07,268] {processor.py:641} INFO - Processing file /opt/airflow/dags/populate-dwh-dag.py for tasks to queue
[2023-03-14 23:45:07,271] {logging_mixin.py:115} INFO - [2023-03-14 23:45:07,271] {dagbag.py:507} INFO - Filling up the DagBag from /opt/airflow/dags/populate-dwh-dag.py
[2023-03-14 23:45:07,971] {processor.py:651} INFO - DAG(s) dict_keys(['populate_dwh']) retrieved from /opt/airflow/dags/populate-dwh-dag.py
[2023-03-14 23:45:08,018] {logging_mixin.py:115} INFO - [2023-03-14 23:45:08,017] {dag.py:2371} INFO - Sync 1 DAGs
[2023-03-14 23:45:08,066] {logging_mixin.py:115} INFO - [2023-03-14 23:45:08,065] {dag.py:2919} INFO - Setting next_dagrun for populate_dwh to 2023-03-14T00:00:00+00:00, run_after=2023-03-15T00:00:00+00:00
[2023-03-14 23:45:08,094] {processor.py:161} INFO - Processing /opt/airflow/dags/populate-dwh-dag.py took 0.837 seconds
[2023-03-14 23:45:38,227] {processor.py:153} INFO - Started process (PID=221) to work on /opt/airflow/dags/populate-dwh-dag.py
[2023-03-14 23:45:38,231] {processor.py:641} INFO - Processing file /opt/airflow/dags/populate-dwh-dag.py for tasks to queue
[2023-03-14 23:45:38,234] {logging_mixin.py:115} INFO - [2023-03-14 23:45:38,234] {dagbag.py:507} INFO - Filling up the DagBag from /opt/airflow/dags/populate-dwh-dag.py
[2023-03-14 23:45:38,768] {processor.py:651} INFO - DAG(s) dict_keys(['populate_dwh']) retrieved from /opt/airflow/dags/populate-dwh-dag.py
[2023-03-14 23:45:38,799] {logging_mixin.py:115} INFO - [2023-03-14 23:45:38,799] {dag.py:2371} INFO - Sync 1 DAGs
[2023-03-14 23:45:38,832] {logging_mixin.py:115} INFO - [2023-03-14 23:45:38,832] {dag.py:2919} INFO - Setting next_dagrun for populate_dwh to 2023-03-14T00:00:00+00:00, run_after=2023-03-15T00:00:00+00:00
[2023-03-14 23:45:38,851] {processor.py:161} INFO - Processing /opt/airflow/dags/populate-dwh-dag.py took 0.632 seconds
